<?xml version="1.0" encoding="UTF-8"?>
<!-- Generated by org.testng.reporters.JUnitReportReporter -->
<testsuite hostname="Hassan-PC" name="com.aurora.auroratest.TestCase_002_LoadProductPrices" tests="1" failures="0" timestamp="1 May 2016 12:20:40 GMT" time="173.717" errors="0">
  <testcase name="test" time="173.717" classname="com.aurora.auroratest.TestCase_002_LoadProductPrices"/>
</testsuite> <!-- com.aurora.auroratest.TestCase_002_LoadProductPrices -->
